<?xml version="1.0" encoding="UTF-8"?>
<robot generator="Robot 4.1.2 (Python 3.10.0 on win32)" generated="20211209 15:54:17.995" rpa="false" schemaversion="2">
<suite id="s1" name="TS BMDC 004" source="C:\MyProperty\SQA-Automation-Testing-HealthcareApplication\TestCases\TS_BMDC_004.robot">
<kw name="Open and visit website" library="HomePageKeywords" type="SETUP">
<arg>${link}</arg>
<arg>${browser}</arg>
<kw name="Open Browser" library="SeleniumLibrary">
<arg>${url}</arg>
<arg>${driver}</arg>
<doc>Opens a new browser instance to the optional ``url``.</doc>
<msg timestamp="20211209 15:54:20.120" level="INFO">Opening browser 'chrome' to base url 'https://health-bmdc.research.glitch-innovations.com/'.</msg>
<status status="PASS" starttime="20211209 15:54:20.120" endtime="20211209 15:54:24.921"/>
</kw>
<kw name="Maximize Browser Window" library="SeleniumLibrary">
<doc>Maximizes current browser window.</doc>
<status status="PASS" starttime="20211209 15:54:24.921" endtime="20211209 15:54:25.057"/>
</kw>
<status status="PASS" starttime="20211209 15:54:20.119" endtime="20211209 15:54:25.058"/>
</kw>
<test id="s1-t1" name="TC_BMDC_Doctor_Application_01">
<kw name="Doctor Registration from public">
<arg>4127849150.0</arg>
<arg>Lavina Bernardelli</arg>
<arg>lbernardelli0@google.com</arg>
<arg>01687759612</arg>
<arg>MBBS</arg>
<arg>Mphil</arg>
<arg>Child &amp; Women</arg>
<arg>Square Hospital</arg>
<kw name="Go to doctors registration page from root" library="DoctorRegistrationKeywords">
<kw name="Click Link" library="SeleniumLibrary">
<arg>${drop_application}</arg>
<doc>Clicks a link identified by ``locator``.</doc>
<msg timestamp="20211209 15:54:25.075" level="INFO">Clicking link 'xpath://*[@id="navbarDropdown"]'.</msg>
<status status="PASS" starttime="20211209 15:54:25.074" endtime="20211209 15:54:25.205"/>
</kw>
<kw name="Click Link" library="SeleniumLibrary">
<arg>${link_doc_application}</arg>
<doc>Clicks a link identified by ``locator``.</doc>
<msg timestamp="20211209 15:54:25.206" level="INFO">Clicking link 'xpath://*[@id="navbarNav"]/ul/li[1]/div/a[1]'.</msg>
<status status="PASS" starttime="20211209 15:54:25.205" endtime="20211209 15:54:25.839"/>
</kw>
<status status="PASS" starttime="20211209 15:54:25.073" endtime="20211209 15:54:25.839"/>
</kw>
<kw name="Enter Test Data for Doctor Registration" library="DoctorRegistrationKeywords">
<arg>${nid}</arg>
<arg>${fullname}</arg>
<arg>${email}</arg>
<arg>${phone}</arg>
<arg>${basicdegree}</arg>
<arg>${advdegree}</arg>
<arg>${speciality}</arg>
<arg>${workplace}</arg>
<kw name="Page Should Contain" library="SeleniumLibrary">
<arg>Doctor Application Form</arg>
<doc>Verifies that current page contains ``text``.</doc>
<msg timestamp="20211209 15:54:25.881" level="INFO">Current page contains text 'Doctor Application Form'.</msg>
<status status="PASS" starttime="20211209 15:54:25.842" endtime="20211209 15:54:25.881"/>
</kw>
<kw name="Input Text" library="SeleniumLibrary">
<arg>${txt_nid}</arg>
<arg>${nid}</arg>
<doc>Types the given ``text`` into the text field identified by ``locator``.</doc>
<msg timestamp="20211209 15:54:25.882" level="INFO">Typing text '4127849150.0' into text field 'name:nid'.</msg>
<status status="PASS" starttime="20211209 15:54:25.882" endtime="20211209 15:54:26.054"/>
</kw>
<kw name="Input Text" library="SeleniumLibrary">
<arg>${txt_full_name}</arg>
<arg>${fullname}</arg>
<doc>Types the given ``text`` into the text field identified by ``locator``.</doc>
<msg timestamp="20211209 15:54:26.055" level="INFO">Typing text 'Lavina Bernardelli' into text field 'name:full_name'.</msg>
<status status="PASS" starttime="20211209 15:54:26.054" endtime="20211209 15:54:26.248"/>
</kw>
<kw name="Input Text" library="SeleniumLibrary">
<arg>${txt_email}</arg>
<arg>${email}</arg>
<doc>Types the given ``text`` into the text field identified by ``locator``.</doc>
<msg timestamp="20211209 15:54:26.249" level="INFO">Typing text 'lbernardelli0@google.com' into text field 'name:email'.</msg>
<status status="PASS" starttime="20211209 15:54:26.249" endtime="20211209 15:54:26.425"/>
</kw>
<kw name="Input Text" library="SeleniumLibrary">
<arg>${txt_phone}</arg>
<arg>${phone}</arg>
<doc>Types the given ``text`` into the text field identified by ``locator``.</doc>
<msg timestamp="20211209 15:54:26.426" level="INFO">Typing text '01687759612' into text field 'name:phone'.</msg>
<status status="PASS" starttime="20211209 15:54:26.425" endtime="20211209 15:54:26.564"/>
</kw>
<kw name="Input Text" library="SeleniumLibrary">
<arg>${txt_basic_degree}</arg>
<arg>${basicdegree}</arg>
<doc>Types the given ``text`` into the text field identified by ``locator``.</doc>
<msg timestamp="20211209 15:54:26.566" level="INFO">Typing text 'MBBS' into text field 'name:basic_degree'.</msg>
<status status="PASS" starttime="20211209 15:54:26.565" endtime="20211209 15:54:26.697"/>
</kw>
<kw name="Input Text" library="SeleniumLibrary">
<arg>${txt_adv_degree}</arg>
<arg>${advdegree}</arg>
<doc>Types the given ``text`` into the text field identified by ``locator``.</doc>
<msg timestamp="20211209 15:54:26.699" level="INFO">Typing text 'Mphil' into text field 'name:advance_degree'.</msg>
<status status="PASS" starttime="20211209 15:54:26.698" endtime="20211209 15:54:26.833"/>
</kw>
<kw name="Input Text" library="SeleniumLibrary">
<arg>${txt_speciality}</arg>
<arg>${speciality}</arg>
<doc>Types the given ``text`` into the text field identified by ``locator``.</doc>
<msg timestamp="20211209 15:54:26.835" level="INFO">Typing text 'Child &amp; Women' into text field 'name:speciality'.</msg>
<status status="PASS" starttime="20211209 15:54:26.834" endtime="20211209 15:54:26.999"/>
</kw>
<kw name="Input Text" library="SeleniumLibrary">
<arg>${txt_work_place}</arg>
<arg>${workplace}</arg>
<doc>Types the given ``text`` into the text field identified by ``locator``.</doc>
<msg timestamp="20211209 15:54:27.000" level="INFO">Typing text 'Square Hospital' into text field 'name:work_place'.</msg>
<status status="PASS" starttime="20211209 15:54:26.999" endtime="20211209 15:54:27.173"/>
</kw>
<status status="PASS" starttime="20211209 15:54:25.839" endtime="20211209 15:54:27.173"/>
</kw>
<kw name="Upload Doctor Image" library="DoctorRegistrationKeywords">
<arg>${choose_file}</arg>
<arg>${DIRECTORY_PATH}</arg>
<kw name="Wait Until Page Contains Element" library="SeleniumLibrary">
<arg>${choose_button}</arg>
<arg>60s</arg>
<doc>Waits until the element ``locator`` appears on the current page.</doc>
<status status="PASS" starttime="20211209 15:54:27.174" endtime="20211209 15:54:27.189"/>
</kw>
<kw name="Choose File" library="SeleniumLibrary">
<arg>${choose_button}</arg>
<arg>${path}</arg>
<doc>Inputs the ``file_path`` into the file input field ``locator``.</doc>
<msg timestamp="20211209 15:54:27.190" level="INFO">Sending C:\MyProperty\SQA-Automation-Testing-HealthcareApplication\TestData\TestImage\DemoDocImg.jpeg to browser.</msg>
<status status="PASS" starttime="20211209 15:54:27.190" endtime="20211209 15:54:27.239"/>
</kw>
<status status="PASS" starttime="20211209 15:54:27.173" endtime="20211209 15:54:27.239"/>
</kw>
<kw name="Hit Apply Button" library="DoctorRegistrationKeywords">
<kw name="Click Button" library="SeleniumLibrary">
<arg>${btn_apply}</arg>
<doc>Clicks the button identified by ``locator``.</doc>
<msg timestamp="20211209 15:54:27.240" level="INFO">Clicking button 'xpath:/html/body/div/div/div/div/div/div[2]/form/button'.</msg>
<status status="PASS" starttime="20211209 15:54:27.240" endtime="20211209 15:54:28.355"/>
</kw>
<status status="PASS" starttime="20211209 15:54:27.239" endtime="20211209 15:54:28.355"/>
</kw>
<kw name="Sleep" library="BuiltIn">
<arg>2s</arg>
<doc>Pauses the test executed for the given time.</doc>
<msg timestamp="20211209 15:54:30.370" level="INFO">Slept 2 seconds</msg>
<status status="PASS" starttime="20211209 15:54:28.356" endtime="20211209 15:54:30.370"/>
</kw>
<kw name="Check Confirmnation" library="DoctorRegistrationKeywords">
<arg>${success_reg}</arg>
<kw name="Page Should Contain" library="SeleniumLibrary">
<arg>${msg}</arg>
<doc>Verifies that current page contains ``text``.</doc>
<kw name="Capture Page Screenshot" library="SeleniumLibrary">
<doc>Takes a screenshot of the current page and embeds it into a log file.</doc>
<msg timestamp="20211209 15:54:30.662" level="INFO" html="true">&lt;/td&gt;&lt;/tr&gt;&lt;tr&gt;&lt;td colspan="3"&gt;&lt;a href="selenium-screenshot-67.png"&gt;&lt;img src="selenium-screenshot-67.png" width="800px"&gt;&lt;/a&gt;</msg>
<status status="PASS" starttime="20211209 15:54:30.434" endtime="20211209 15:54:30.662"/>
</kw>
<msg timestamp="20211209 15:54:30.665" level="FAIL">Page should have contained text 'Please Verify Your Email Address !' but did not.</msg>
<status status="FAIL" starttime="20211209 15:54:30.372" endtime="20211209 15:54:30.665"/>
</kw>
<status status="FAIL" starttime="20211209 15:54:30.370" endtime="20211209 15:54:30.666"/>
</kw>
<kw name="Go Back" library="SeleniumLibrary">
<doc>Simulates the user clicking the back button on their browser.</doc>
<status status="NOT RUN" starttime="20211209 15:54:30.666" endtime="20211209 15:54:30.666"/>
</kw>
<status status="FAIL" starttime="20211209 15:54:25.072" endtime="20211209 15:54:30.667"/>
</kw>
<tag>p0</tag>
<status status="FAIL" starttime="20211209 15:54:25.058" endtime="20211209 15:54:30.668">Page should have contained text 'Please Verify Your Email Address !' but did not.</status>
</test>
<test id="s1-t2" name="TC_BMDC_Doctor_Application_01">
<kw name="Doctor Registration from public">
<arg>1638867569.0</arg>
<arg>Linn Celloni</arg>
<arg>lcelloni1@cyberchimps.com</arg>
<arg>01687759613</arg>
<arg>MBBS</arg>
<arg>Mphil</arg>
<arg>Radiology &amp; Imaging</arg>
<arg>Square Hospital</arg>
<kw name="Go to doctors registration page from root" library="DoctorRegistrationKeywords">
<kw name="Click Link" library="SeleniumLibrary">
<arg>${drop_application}</arg>
<doc>Clicks a link identified by ``locator``.</doc>
<msg timestamp="20211209 15:54:30.681" level="INFO">Clicking link 'xpath://*[@id="navbarDropdown"]'.</msg>
<status status="PASS" starttime="20211209 15:54:30.680" endtime="20211209 15:54:30.784"/>
</kw>
<kw name="Click Link" library="SeleniumLibrary">
<arg>${link_doc_application}</arg>
<doc>Clicks a link identified by ``locator``.</doc>
<msg timestamp="20211209 15:54:30.785" level="INFO">Clicking link 'xpath://*[@id="navbarNav"]/ul/li[1]/div/a[1]'.</msg>
<status status="PASS" starttime="20211209 15:54:30.784" endtime="20211209 15:54:31.337"/>
</kw>
<status status="PASS" starttime="20211209 15:54:30.680" endtime="20211209 15:54:31.338"/>
</kw>
<kw name="Enter Test Data for Doctor Registration" library="DoctorRegistrationKeywords">
<arg>${nid}</arg>
<arg>${fullname}</arg>
<arg>${email}</arg>
<arg>${phone}</arg>
<arg>${basicdegree}</arg>
<arg>${advdegree}</arg>
<arg>${speciality}</arg>
<arg>${workplace}</arg>
<kw name="Page Should Contain" library="SeleniumLibrary">
<arg>Doctor Application Form</arg>
<doc>Verifies that current page contains ``text``.</doc>
<msg timestamp="20211209 15:54:31.361" level="INFO">Current page contains text 'Doctor Application Form'.</msg>
<status status="PASS" starttime="20211209 15:54:31.340" endtime="20211209 15:54:31.361"/>
</kw>
<kw name="Input Text" library="SeleniumLibrary">
<arg>${txt_nid}</arg>
<arg>${nid}</arg>
<doc>Types the given ``text`` into the text field identified by ``locator``.</doc>
<msg timestamp="20211209 15:54:31.363" level="INFO">Typing text '1638867569.0' into text field 'name:nid'.</msg>
<status status="PASS" starttime="20211209 15:54:31.362" endtime="20211209 15:54:31.525"/>
</kw>
<kw name="Input Text" library="SeleniumLibrary">
<arg>${txt_full_name}</arg>
<arg>${fullname}</arg>
<doc>Types the given ``text`` into the text field identified by ``locator``.</doc>
<msg timestamp="20211209 15:54:31.526" level="INFO">Typing text 'Linn Celloni' into text field 'name:full_name'.</msg>
<status status="PASS" starttime="20211209 15:54:31.525" endtime="20211209 15:54:31.686"/>
</kw>
<kw name="Input Text" library="SeleniumLibrary">
<arg>${txt_email}</arg>
<arg>${email}</arg>
<doc>Types the given ``text`` into the text field identified by ``locator``.</doc>
<msg timestamp="20211209 15:54:31.688" level="INFO">Typing text 'lcelloni1@cyberchimps.com' into text field 'name:email'.</msg>
<status status="PASS" starttime="20211209 15:54:31.687" endtime="20211209 15:54:31.884"/>
</kw>
<kw name="Input Text" library="SeleniumLibrary">
<arg>${txt_phone}</arg>
<arg>${phone}</arg>
<doc>Types the given ``text`` into the text field identified by ``locator``.</doc>
<msg timestamp="20211209 15:54:31.886" level="INFO">Typing text '01687759613' into text field 'name:phone'.</msg>
<status status="PASS" starttime="20211209 15:54:31.885" endtime="20211209 15:54:32.051"/>
</kw>
<kw name="Input Text" library="SeleniumLibrary">
<arg>${txt_basic_degree}</arg>
<arg>${basicdegree}</arg>
<doc>Types the given ``text`` into the text field identified by ``locator``.</doc>
<msg timestamp="20211209 15:54:32.053" level="INFO">Typing text 'MBBS' into text field 'name:basic_degree'.</msg>
<status status="PASS" starttime="20211209 15:54:32.052" endtime="20211209 15:54:32.213"/>
</kw>
<kw name="Input Text" library="SeleniumLibrary">
<arg>${txt_adv_degree}</arg>
<arg>${advdegree}</arg>
<doc>Types the given ``text`` into the text field identified by ``locator``.</doc>
<msg timestamp="20211209 15:54:32.215" level="INFO">Typing text 'Mphil' into text field 'name:advance_degree'.</msg>
<status status="PASS" starttime="20211209 15:54:32.214" endtime="20211209 15:54:32.366"/>
</kw>
<kw name="Input Text" library="SeleniumLibrary">
<arg>${txt_speciality}</arg>
<arg>${speciality}</arg>
<doc>Types the given ``text`` into the text field identified by ``locator``.</doc>
<msg timestamp="20211209 15:54:32.367" level="INFO">Typing text 'Radiology &amp; Imaging' into text field 'name:speciality'.</msg>
<status status="PASS" starttime="20211209 15:54:32.366" endtime="20211209 15:54:32.573"/>
</kw>
<kw name="Input Text" library="SeleniumLibrary">
<arg>${txt_work_place}</arg>
<arg>${workplace}</arg>
<doc>Types the given ``text`` into the text field identified by ``locator``.</doc>
<msg timestamp="20211209 15:54:32.575" level="INFO">Typing text 'Square Hospital' into text field 'name:work_place'.</msg>
<status status="PASS" starttime="20211209 15:54:32.574" endtime="20211209 15:54:32.751"/>
</kw>
<status status="PASS" starttime="20211209 15:54:31.338" endtime="20211209 15:54:32.752"/>
</kw>
<kw name="Upload Doctor Image" library="DoctorRegistrationKeywords">
<arg>${choose_file}</arg>
<arg>${DIRECTORY_PATH}</arg>
<kw name="Wait Until Page Contains Element" library="SeleniumLibrary">
<arg>${choose_button}</arg>
<arg>60s</arg>
<doc>Waits until the element ``locator`` appears on the current page.</doc>
<status status="PASS" starttime="20211209 15:54:32.755" endtime="20211209 15:54:32.766"/>
</kw>
<kw name="Choose File" library="SeleniumLibrary">
<arg>${choose_button}</arg>
<arg>${path}</arg>
<doc>Inputs the ``file_path`` into the file input field ``locator``.</doc>
<msg timestamp="20211209 15:54:32.767" level="INFO">Sending C:\MyProperty\SQA-Automation-Testing-HealthcareApplication\TestData\TestImage\DemoDocImg.jpeg to browser.</msg>
<status status="PASS" starttime="20211209 15:54:32.766" endtime="20211209 15:54:32.816"/>
</kw>
<status status="PASS" starttime="20211209 15:54:32.753" endtime="20211209 15:54:32.817"/>
</kw>
<kw name="Hit Apply Button" library="DoctorRegistrationKeywords">
<kw name="Click Button" library="SeleniumLibrary">
<arg>${btn_apply}</arg>
<doc>Clicks the button identified by ``locator``.</doc>
<msg timestamp="20211209 15:54:32.819" level="INFO">Clicking button 'xpath:/html/body/div/div/div/div/div/div[2]/form/button'.</msg>
<status status="PASS" starttime="20211209 15:54:32.818" endtime="20211209 15:54:42.918"/>
</kw>
<status status="PASS" starttime="20211209 15:54:32.817" endtime="20211209 15:54:42.919"/>
</kw>
<kw name="Sleep" library="BuiltIn">
<arg>2s</arg>
<doc>Pauses the test executed for the given time.</doc>
<msg timestamp="20211209 15:54:44.933" level="INFO">Slept 2 seconds</msg>
<status status="PASS" starttime="20211209 15:54:42.919" endtime="20211209 15:54:44.933"/>
</kw>
<kw name="Check Confirmnation" library="DoctorRegistrationKeywords">
<arg>${success_reg}</arg>
<kw name="Page Should Contain" library="SeleniumLibrary">
<arg>${msg}</arg>
<doc>Verifies that current page contains ``text``.</doc>
<msg timestamp="20211209 15:54:44.959" level="INFO">Current page contains text 'Please Verify Your Email Address !'.</msg>
<status status="PASS" starttime="20211209 15:54:44.934" endtime="20211209 15:54:44.959"/>
</kw>
<status status="PASS" starttime="20211209 15:54:44.933" endtime="20211209 15:54:44.959"/>
</kw>
<kw name="Go Back" library="SeleniumLibrary">
<doc>Simulates the user clicking the back button on their browser.</doc>
<status status="PASS" starttime="20211209 15:54:44.959" endtime="20211209 15:54:45.460"/>
</kw>
<status status="PASS" starttime="20211209 15:54:30.678" endtime="20211209 15:54:45.461"/>
</kw>
<tag>p0</tag>
<status status="PASS" starttime="20211209 15:54:30.671" endtime="20211209 15:54:45.472"/>
</test>
<test id="s1-t3" name="TC_BMDC_Doctor_Application_01">
<kw name="Doctor Registration from public">
<arg>7361313523.0</arg>
<arg>Rabi O Mullen</arg>
<arg>ro2@topsy.com</arg>
<arg>01687759614</arg>
<arg>MBBS</arg>
<arg>Mphil</arg>
<arg>Nutritionist</arg>
<arg>Dhaka Medical College</arg>
<kw name="Go to doctors registration page from root" library="DoctorRegistrationKeywords">
<kw name="Click Link" library="SeleniumLibrary">
<arg>${drop_application}</arg>
<doc>Clicks a link identified by ``locator``.</doc>
<msg timestamp="20211209 15:54:45.489" level="INFO">Clicking link 'xpath://*[@id="navbarDropdown"]'.</msg>
<status status="PASS" starttime="20211209 15:54:45.489" endtime="20211209 15:54:45.566"/>
</kw>
<kw name="Click Link" library="SeleniumLibrary">
<arg>${link_doc_application}</arg>
<doc>Clicks a link identified by ``locator``.</doc>
<msg timestamp="20211209 15:54:45.568" level="INFO">Clicking link 'xpath://*[@id="navbarNav"]/ul/li[1]/div/a[1]'.</msg>
<status status="PASS" starttime="20211209 15:54:45.567" endtime="20211209 15:54:46.039"/>
</kw>
<status status="PASS" starttime="20211209 15:54:45.488" endtime="20211209 15:54:46.040"/>
</kw>
<kw name="Enter Test Data for Doctor Registration" library="DoctorRegistrationKeywords">
<arg>${nid}</arg>
<arg>${fullname}</arg>
<arg>${email}</arg>
<arg>${phone}</arg>
<arg>${basicdegree}</arg>
<arg>${advdegree}</arg>
<arg>${speciality}</arg>
<arg>${workplace}</arg>
<kw name="Page Should Contain" library="SeleniumLibrary">
<arg>Doctor Application Form</arg>
<doc>Verifies that current page contains ``text``.</doc>
<msg timestamp="20211209 15:54:46.070" level="INFO">Current page contains text 'Doctor Application Form'.</msg>
<status status="PASS" starttime="20211209 15:54:46.043" endtime="20211209 15:54:46.070"/>
</kw>
<kw name="Input Text" library="SeleniumLibrary">
<arg>${txt_nid}</arg>
<arg>${nid}</arg>
<doc>Types the given ``text`` into the text field identified by ``locator``.</doc>
<msg timestamp="20211209 15:54:46.071" level="INFO">Typing text '7361313523.0' into text field 'name:nid'.</msg>
<status status="PASS" starttime="20211209 15:54:46.070" endtime="20211209 15:54:46.213"/>
</kw>
<kw name="Input Text" library="SeleniumLibrary">
<arg>${txt_full_name}</arg>
<arg>${fullname}</arg>
<doc>Types the given ``text`` into the text field identified by ``locator``.</doc>
<msg timestamp="20211209 15:54:46.213" level="INFO">Typing text 'Rabi O Mullen' into text field 'name:full_name'.</msg>
<status status="PASS" starttime="20211209 15:54:46.213" endtime="20211209 15:54:46.370"/>
</kw>
<kw name="Input Text" library="SeleniumLibrary">
<arg>${txt_email}</arg>
<arg>${email}</arg>
<doc>Types the given ``text`` into the text field identified by ``locator``.</doc>
<msg timestamp="20211209 15:54:46.371" level="INFO">Typing text 'ro2@topsy.com' into text field 'name:email'.</msg>
<status status="PASS" starttime="20211209 15:54:46.370" endtime="20211209 15:54:46.525"/>
</kw>
<kw name="Input Text" library="SeleniumLibrary">
<arg>${txt_phone}</arg>
<arg>${phone}</arg>
<doc>Types the given ``text`` into the text field identified by ``locator``.</doc>
<msg timestamp="20211209 15:54:46.527" level="INFO">Typing text '01687759614' into text field 'name:phone'.</msg>
<status status="PASS" starttime="20211209 15:54:46.526" endtime="20211209 15:54:46.668"/>
</kw>
<kw name="Input Text" library="SeleniumLibrary">
<arg>${txt_basic_degree}</arg>
<arg>${basicdegree}</arg>
<doc>Types the given ``text`` into the text field identified by ``locator``.</doc>
<msg timestamp="20211209 15:54:46.669" level="INFO">Typing text 'MBBS' into text field 'name:basic_degree'.</msg>
<status status="PASS" starttime="20211209 15:54:46.668" endtime="20211209 15:54:46.795"/>
</kw>
<kw name="Input Text" library="SeleniumLibrary">
<arg>${txt_adv_degree}</arg>
<arg>${advdegree}</arg>
<doc>Types the given ``text`` into the text field identified by ``locator``.</doc>
<msg timestamp="20211209 15:54:46.797" level="INFO">Typing text 'Mphil' into text field 'name:advance_degree'.</msg>
<status status="PASS" starttime="20211209 15:54:46.796" endtime="20211209 15:54:46.950"/>
</kw>
<kw name="Input Text" library="SeleniumLibrary">
<arg>${txt_speciality}</arg>
<arg>${speciality}</arg>
<doc>Types the given ``text`` into the text field identified by ``locator``.</doc>
<msg timestamp="20211209 15:54:46.952" level="INFO">Typing text 'Nutritionist' into text field 'name:speciality'.</msg>
<status status="PASS" starttime="20211209 15:54:46.951" endtime="20211209 15:54:47.115"/>
</kw>
<kw name="Input Text" library="SeleniumLibrary">
<arg>${txt_work_place}</arg>
<arg>${workplace}</arg>
<doc>Types the given ``text`` into the text field identified by ``locator``.</doc>
<msg timestamp="20211209 15:54:47.117" level="INFO">Typing text 'Dhaka Medical College' into text field 'name:work_place'.</msg>
<status status="PASS" starttime="20211209 15:54:47.116" endtime="20211209 15:54:47.305"/>
</kw>
<status status="PASS" starttime="20211209 15:54:46.041" endtime="20211209 15:54:47.305"/>
</kw>
<kw name="Upload Doctor Image" library="DoctorRegistrationKeywords">
<arg>${choose_file}</arg>
<arg>${DIRECTORY_PATH}</arg>
<kw name="Wait Until Page Contains Element" library="SeleniumLibrary">
<arg>${choose_button}</arg>
<arg>60s</arg>
<doc>Waits until the element ``locator`` appears on the current page.</doc>
<status status="PASS" starttime="20211209 15:54:47.306" endtime="20211209 15:54:47.324"/>
</kw>
<kw name="Choose File" library="SeleniumLibrary">
<arg>${choose_button}</arg>
<arg>${path}</arg>
<doc>Inputs the ``file_path`` into the file input field ``locator``.</doc>
<msg timestamp="20211209 15:54:47.325" level="INFO">Sending C:\MyProperty\SQA-Automation-Testing-HealthcareApplication\TestData\TestImage\DemoDocImg.jpeg to browser.</msg>
<status status="PASS" starttime="20211209 15:54:47.324" endtime="20211209 15:54:47.365"/>
</kw>
<status status="PASS" starttime="20211209 15:54:47.306" endtime="20211209 15:54:47.366"/>
</kw>
<kw name="Hit Apply Button" library="DoctorRegistrationKeywords">
<kw name="Click Button" library="SeleniumLibrary">
<arg>${btn_apply}</arg>
<doc>Clicks the button identified by ``locator``.</doc>
<msg timestamp="20211209 15:54:47.368" level="INFO">Clicking button 'xpath:/html/body/div/div/div/div/div/div[2]/form/button'.</msg>
<status status="PASS" starttime="20211209 15:54:47.367" endtime="20211209 15:54:49.901"/>
</kw>
<status status="PASS" starttime="20211209 15:54:47.366" endtime="20211209 15:54:49.901"/>
</kw>
<kw name="Sleep" library="BuiltIn">
<arg>2s</arg>
<doc>Pauses the test executed for the given time.</doc>
<msg timestamp="20211209 15:54:51.919" level="INFO">Slept 2 seconds</msg>
<status status="PASS" starttime="20211209 15:54:49.903" endtime="20211209 15:54:51.919"/>
</kw>
<kw name="Check Confirmnation" library="DoctorRegistrationKeywords">
<arg>${success_reg}</arg>
<kw name="Page Should Contain" library="SeleniumLibrary">
<arg>${msg}</arg>
<doc>Verifies that current page contains ``text``.</doc>
<msg timestamp="20211209 15:54:51.952" level="INFO">Current page contains text 'Please Verify Your Email Address !'.</msg>
<status status="PASS" starttime="20211209 15:54:51.921" endtime="20211209 15:54:51.952"/>
</kw>
<status status="PASS" starttime="20211209 15:54:51.919" endtime="20211209 15:54:51.952"/>
</kw>
<kw name="Go Back" library="SeleniumLibrary">
<doc>Simulates the user clicking the back button on their browser.</doc>
<status status="PASS" starttime="20211209 15:54:51.952" endtime="20211209 15:54:52.154"/>
</kw>
<status status="PASS" starttime="20211209 15:54:45.487" endtime="20211209 15:54:52.156"/>
</kw>
<tag>p0</tag>
<status status="PASS" starttime="20211209 15:54:45.478" endtime="20211209 15:54:52.162"/>
</test>
<test id="s1-t4" name="TC_BMDC_Doctor_Application_01">
<kw name="Doctor Registration from public">
<arg>7079102103.0</arg>
<arg>Doria Bradick</arg>
<arg>dbradick3@bloglovin.com</arg>
<arg>01687759615</arg>
<arg>MBBS</arg>
<arg>Mphil</arg>
<arg>Skin</arg>
<arg>Square Hospital</arg>
<kw name="Go to doctors registration page from root" library="DoctorRegistrationKeywords">
<kw name="Click Link" library="SeleniumLibrary">
<arg>${drop_application}</arg>
<doc>Clicks a link identified by ``locator``.</doc>
<msg timestamp="20211209 15:54:52.181" level="INFO">Clicking link 'xpath://*[@id="navbarDropdown"]'.</msg>
<status status="PASS" starttime="20211209 15:54:52.180" endtime="20211209 15:54:52.249"/>
</kw>
<kw name="Click Link" library="SeleniumLibrary">
<arg>${link_doc_application}</arg>
<doc>Clicks a link identified by ``locator``.</doc>
<msg timestamp="20211209 15:54:52.249" level="INFO">Clicking link 'xpath://*[@id="navbarNav"]/ul/li[1]/div/a[1]'.</msg>
<status status="PASS" starttime="20211209 15:54:52.249" endtime="20211209 15:54:52.769"/>
</kw>
<status status="PASS" starttime="20211209 15:54:52.179" endtime="20211209 15:54:52.770"/>
</kw>
<kw name="Enter Test Data for Doctor Registration" library="DoctorRegistrationKeywords">
<arg>${nid}</arg>
<arg>${fullname}</arg>
<arg>${email}</arg>
<arg>${phone}</arg>
<arg>${basicdegree}</arg>
<arg>${advdegree}</arg>
<arg>${speciality}</arg>
<arg>${workplace}</arg>
<kw name="Page Should Contain" library="SeleniumLibrary">
<arg>Doctor Application Form</arg>
<doc>Verifies that current page contains ``text``.</doc>
<msg timestamp="20211209 15:54:52.790" level="INFO">Current page contains text 'Doctor Application Form'.</msg>
<status status="PASS" starttime="20211209 15:54:52.773" endtime="20211209 15:54:52.790"/>
</kw>
<kw name="Input Text" library="SeleniumLibrary">
<arg>${txt_nid}</arg>
<arg>${nid}</arg>
<doc>Types the given ``text`` into the text field identified by ``locator``.</doc>
<msg timestamp="20211209 15:54:52.791" level="INFO">Typing text '7079102103.0' into text field 'name:nid'.</msg>
<status status="PASS" starttime="20211209 15:54:52.791" endtime="20211209 15:54:52.921"/>
</kw>
<kw name="Input Text" library="SeleniumLibrary">
<arg>${txt_full_name}</arg>
<arg>${fullname}</arg>
<doc>Types the given ``text`` into the text field identified by ``locator``.</doc>
<msg timestamp="20211209 15:54:52.923" level="INFO">Typing text 'Doria Bradick' into text field 'name:full_name'.</msg>
<status status="PASS" starttime="20211209 15:54:52.921" endtime="20211209 15:54:53.110"/>
</kw>
<kw name="Input Text" library="SeleniumLibrary">
<arg>${txt_email}</arg>
<arg>${email}</arg>
<doc>Types the given ``text`` into the text field identified by ``locator``.</doc>
<msg timestamp="20211209 15:54:53.112" level="INFO">Typing text 'dbradick3@bloglovin.com' into text field 'name:email'.</msg>
<status status="PASS" starttime="20211209 15:54:53.111" endtime="20211209 15:54:53.290"/>
</kw>
<kw name="Input Text" library="SeleniumLibrary">
<arg>${txt_phone}</arg>
<arg>${phone}</arg>
<doc>Types the given ``text`` into the text field identified by ``locator``.</doc>
<msg timestamp="20211209 15:54:53.291" level="INFO">Typing text '01687759615' into text field 'name:phone'.</msg>
<status status="PASS" starttime="20211209 15:54:53.290" endtime="20211209 15:54:53.454"/>
</kw>
<kw name="Input Text" library="SeleniumLibrary">
<arg>${txt_basic_degree}</arg>
<arg>${basicdegree}</arg>
<doc>Types the given ``text`` into the text field identified by ``locator``.</doc>
<msg timestamp="20211209 15:54:53.454" level="INFO">Typing text 'MBBS' into text field 'name:basic_degree'.</msg>
<status status="PASS" starttime="20211209 15:54:53.454" endtime="20211209 15:54:53.572"/>
</kw>
<kw name="Input Text" library="SeleniumLibrary">
<arg>${txt_adv_degree}</arg>
<arg>${advdegree}</arg>
<doc>Types the given ``text`` into the text field identified by ``locator``.</doc>
<msg timestamp="20211209 15:54:53.574" level="INFO">Typing text 'Mphil' into text field 'name:advance_degree'.</msg>
<status status="PASS" starttime="20211209 15:54:53.573" endtime="20211209 15:54:53.701"/>
</kw>
<kw name="Input Text" library="SeleniumLibrary">
<arg>${txt_speciality}</arg>
<arg>${speciality}</arg>
<doc>Types the given ``text`` into the text field identified by ``locator``.</doc>
<msg timestamp="20211209 15:54:53.702" level="INFO">Typing text 'Skin' into text field 'name:speciality'.</msg>
<status status="PASS" starttime="20211209 15:54:53.701" endtime="20211209 15:54:53.824"/>
</kw>
<kw name="Input Text" library="SeleniumLibrary">
<arg>${txt_work_place}</arg>
<arg>${workplace}</arg>
<doc>Types the given ``text`` into the text field identified by ``locator``.</doc>
<msg timestamp="20211209 15:54:53.827" level="INFO">Typing text 'Square Hospital' into text field 'name:work_place'.</msg>
<status status="PASS" starttime="20211209 15:54:53.825" endtime="20211209 15:54:53.990"/>
</kw>
<status status="PASS" starttime="20211209 15:54:52.770" endtime="20211209 15:54:53.990"/>
</kw>
<kw name="Upload Doctor Image" library="DoctorRegistrationKeywords">
<arg>${choose_file}</arg>
<arg>${DIRECTORY_PATH}</arg>
<kw name="Wait Until Page Contains Element" library="SeleniumLibrary">
<arg>${choose_button}</arg>
<arg>60s</arg>
<doc>Waits until the element ``locator`` appears on the current page.</doc>
<status status="PASS" starttime="20211209 15:54:53.992" endtime="20211209 15:54:54.010"/>
</kw>
<kw name="Choose File" library="SeleniumLibrary">
<arg>${choose_button}</arg>
<arg>${path}</arg>
<doc>Inputs the ``file_path`` into the file input field ``locator``.</doc>
<msg timestamp="20211209 15:54:54.012" level="INFO">Sending C:\MyProperty\SQA-Automation-Testing-HealthcareApplication\TestData\TestImage\DemoDocImg.jpeg to browser.</msg>
<status status="PASS" starttime="20211209 15:54:54.010" endtime="20211209 15:54:54.059"/>
</kw>
<status status="PASS" starttime="20211209 15:54:53.991" endtime="20211209 15:54:54.059"/>
</kw>
<kw name="Hit Apply Button" library="DoctorRegistrationKeywords">
<kw name="Click Button" library="SeleniumLibrary">
<arg>${btn_apply}</arg>
<doc>Clicks the button identified by ``locator``.</doc>
<msg timestamp="20211209 15:54:54.061" level="INFO">Clicking button 'xpath:/html/body/div/div/div/div/div/div[2]/form/button'.</msg>
<status status="PASS" starttime="20211209 15:54:54.060" endtime="20211209 15:54:55.592"/>
</kw>
<status status="PASS" starttime="20211209 15:54:54.059" endtime="20211209 15:54:55.594"/>
</kw>
<kw name="Sleep" library="BuiltIn">
<arg>2s</arg>
<doc>Pauses the test executed for the given time.</doc>
<msg timestamp="20211209 15:54:57.610" level="INFO">Slept 2 seconds</msg>
<status status="PASS" starttime="20211209 15:54:55.595" endtime="20211209 15:54:57.610"/>
</kw>
<kw name="Check Confirmnation" library="DoctorRegistrationKeywords">
<arg>${success_reg}</arg>
<kw name="Page Should Contain" library="SeleniumLibrary">
<arg>${msg}</arg>
<doc>Verifies that current page contains ``text``.</doc>
<msg timestamp="20211209 15:54:57.631" level="INFO">Current page contains text 'Please Verify Your Email Address !'.</msg>
<status status="PASS" starttime="20211209 15:54:57.612" endtime="20211209 15:54:57.631"/>
</kw>
<status status="PASS" starttime="20211209 15:54:57.611" endtime="20211209 15:54:57.632"/>
</kw>
<kw name="Go Back" library="SeleniumLibrary">
<doc>Simulates the user clicking the back button on their browser.</doc>
<status status="PASS" starttime="20211209 15:54:57.632" endtime="20211209 15:54:58.062"/>
</kw>
<status status="PASS" starttime="20211209 15:54:52.177" endtime="20211209 15:54:58.064"/>
</kw>
<tag>p0</tag>
<status status="PASS" starttime="20211209 15:54:52.166" endtime="20211209 15:54:58.066"/>
</test>
<test id="s1-t5" name="TC_BMDC_Doctor_Application_01">
<kw name="Doctor Registration from public">
<arg>9579869472.0</arg>
<arg>Eleonore Wooffitt</arg>
<arg>ewooffitt4@trellian.com</arg>
<arg>01687759616</arg>
<arg>MBBS</arg>
<arg>Mphil</arg>
<arg>Nutritionist</arg>
<arg>Dhaka Medical College</arg>
<kw name="Go to doctors registration page from root" library="DoctorRegistrationKeywords">
<kw name="Click Link" library="SeleniumLibrary">
<arg>${drop_application}</arg>
<doc>Clicks a link identified by ``locator``.</doc>
<msg timestamp="20211209 15:54:58.085" level="INFO">Clicking link 'xpath://*[@id="navbarDropdown"]'.</msg>
<status status="PASS" starttime="20211209 15:54:58.084" endtime="20211209 15:54:58.153"/>
</kw>
<kw name="Click Link" library="SeleniumLibrary">
<arg>${link_doc_application}</arg>
<doc>Clicks a link identified by ``locator``.</doc>
<msg timestamp="20211209 15:54:58.153" level="INFO">Clicking link 'xpath://*[@id="navbarNav"]/ul/li[1]/div/a[1]'.</msg>
<status status="PASS" starttime="20211209 15:54:58.153" endtime="20211209 15:54:58.625"/>
</kw>
<status status="PASS" starttime="20211209 15:54:58.082" endtime="20211209 15:54:58.625"/>
</kw>
<kw name="Enter Test Data for Doctor Registration" library="DoctorRegistrationKeywords">
<arg>${nid}</arg>
<arg>${fullname}</arg>
<arg>${email}</arg>
<arg>${phone}</arg>
<arg>${basicdegree}</arg>
<arg>${advdegree}</arg>
<arg>${speciality}</arg>
<arg>${workplace}</arg>
<kw name="Page Should Contain" library="SeleniumLibrary">
<arg>Doctor Application Form</arg>
<doc>Verifies that current page contains ``text``.</doc>
<msg timestamp="20211209 15:54:58.646" level="INFO">Current page contains text 'Doctor Application Form'.</msg>
<status status="PASS" starttime="20211209 15:54:58.627" endtime="20211209 15:54:58.647"/>
</kw>
<kw name="Input Text" library="SeleniumLibrary">
<arg>${txt_nid}</arg>
<arg>${nid}</arg>
<doc>Types the given ``text`` into the text field identified by ``locator``.</doc>
<msg timestamp="20211209 15:54:58.650" level="INFO">Typing text '9579869472.0' into text field 'name:nid'.</msg>
<status status="PASS" starttime="20211209 15:54:58.649" endtime="20211209 15:54:58.786"/>
</kw>
<kw name="Input Text" library="SeleniumLibrary">
<arg>${txt_full_name}</arg>
<arg>${fullname}</arg>
<doc>Types the given ``text`` into the text field identified by ``locator``.</doc>
<msg timestamp="20211209 15:54:58.786" level="INFO">Typing text 'Eleonore Wooffitt' into text field 'name:full_name'.</msg>
<status status="PASS" starttime="20211209 15:54:58.786" endtime="20211209 15:54:58.944"/>
</kw>
<kw name="Input Text" library="SeleniumLibrary">
<arg>${txt_email}</arg>
<arg>${email}</arg>
<doc>Types the given ``text`` into the text field identified by ``locator``.</doc>
<msg timestamp="20211209 15:54:58.946" level="INFO">Typing text 'ewooffitt4@trellian.com' into text field 'name:email'.</msg>
<status status="PASS" starttime="20211209 15:54:58.944" endtime="20211209 15:54:59.109"/>
</kw>
<kw name="Input Text" library="SeleniumLibrary">
<arg>${txt_phone}</arg>
<arg>${phone}</arg>
<doc>Types the given ``text`` into the text field identified by ``locator``.</doc>
<msg timestamp="20211209 15:54:59.111" level="INFO">Typing text '01687759616' into text field 'name:phone'.</msg>
<status status="PASS" starttime="20211209 15:54:59.110" endtime="20211209 15:54:59.244"/>
</kw>
<kw name="Input Text" library="SeleniumLibrary">
<arg>${txt_basic_degree}</arg>
<arg>${basicdegree}</arg>
<doc>Types the given ``text`` into the text field identified by ``locator``.</doc>
<msg timestamp="20211209 15:54:59.245" level="INFO">Typing text 'MBBS' into text field 'name:basic_degree'.</msg>
<status status="PASS" starttime="20211209 15:54:59.244" endtime="20211209 15:54:59.376"/>
</kw>
<kw name="Input Text" library="SeleniumLibrary">
<arg>${txt_adv_degree}</arg>
<arg>${advdegree}</arg>
<doc>Types the given ``text`` into the text field identified by ``locator``.</doc>
<msg timestamp="20211209 15:54:59.377" level="INFO">Typing text 'Mphil' into text field 'name:advance_degree'.</msg>
<status status="PASS" starttime="20211209 15:54:59.376" endtime="20211209 15:54:59.505"/>
</kw>
<kw name="Input Text" library="SeleniumLibrary">
<arg>${txt_speciality}</arg>
<arg>${speciality}</arg>
<doc>Types the given ``text`` into the text field identified by ``locator``.</doc>
<msg timestamp="20211209 15:54:59.506" level="INFO">Typing text 'Nutritionist' into text field 'name:speciality'.</msg>
<status status="PASS" starttime="20211209 15:54:59.505" endtime="20211209 15:54:59.649"/>
</kw>
<kw name="Input Text" library="SeleniumLibrary">
<arg>${txt_work_place}</arg>
<arg>${workplace}</arg>
<doc>Types the given ``text`` into the text field identified by ``locator``.</doc>
<msg timestamp="20211209 15:54:59.650" level="INFO">Typing text 'Dhaka Medical College' into text field 'name:work_place'.</msg>
<status status="PASS" starttime="20211209 15:54:59.649" endtime="20211209 15:54:59.821"/>
</kw>
<status status="PASS" starttime="20211209 15:54:58.626" endtime="20211209 15:54:59.821"/>
</kw>
<kw name="Upload Doctor Image" library="DoctorRegistrationKeywords">
<arg>${choose_file}</arg>
<arg>${DIRECTORY_PATH}</arg>
<kw name="Wait Until Page Contains Element" library="SeleniumLibrary">
<arg>${choose_button}</arg>
<arg>60s</arg>
<doc>Waits until the element ``locator`` appears on the current page.</doc>
<status status="PASS" starttime="20211209 15:54:59.822" endtime="20211209 15:54:59.832"/>
</kw>
<kw name="Choose File" library="SeleniumLibrary">
<arg>${choose_button}</arg>
<arg>${path}</arg>
<doc>Inputs the ``file_path`` into the file input field ``locator``.</doc>
<msg timestamp="20211209 15:54:59.833" level="INFO">Sending C:\MyProperty\SQA-Automation-Testing-HealthcareApplication\TestData\TestImage\DemoDocImg.jpeg to browser.</msg>
<status status="PASS" starttime="20211209 15:54:59.832" endtime="20211209 15:54:59.884"/>
</kw>
<status status="PASS" starttime="20211209 15:54:59.821" endtime="20211209 15:54:59.884"/>
</kw>
<kw name="Hit Apply Button" library="DoctorRegistrationKeywords">
<kw name="Click Button" library="SeleniumLibrary">
<arg>${btn_apply}</arg>
<doc>Clicks the button identified by ``locator``.</doc>
<msg timestamp="20211209 15:54:59.885" level="INFO">Clicking button 'xpath:/html/body/div/div/div/div/div/div[2]/form/button'.</msg>
<status status="PASS" starttime="20211209 15:54:59.885" endtime="20211209 15:55:01.330"/>
</kw>
<status status="PASS" starttime="20211209 15:54:59.884" endtime="20211209 15:55:01.331"/>
</kw>
<kw name="Sleep" library="BuiltIn">
<arg>2s</arg>
<doc>Pauses the test executed for the given time.</doc>
<msg timestamp="20211209 15:55:03.337" level="INFO">Slept 2 seconds</msg>
<status status="PASS" starttime="20211209 15:55:01.331" endtime="20211209 15:55:03.337"/>
</kw>
<kw name="Check Confirmnation" library="DoctorRegistrationKeywords">
<arg>${success_reg}</arg>
<kw name="Page Should Contain" library="SeleniumLibrary">
<arg>${msg}</arg>
<doc>Verifies that current page contains ``text``.</doc>
<msg timestamp="20211209 15:55:03.356" level="INFO">Current page contains text 'Please Verify Your Email Address !'.</msg>
<status status="PASS" starttime="20211209 15:55:03.339" endtime="20211209 15:55:03.356"/>
</kw>
<status status="PASS" starttime="20211209 15:55:03.338" endtime="20211209 15:55:03.356"/>
</kw>
<kw name="Go Back" library="SeleniumLibrary">
<doc>Simulates the user clicking the back button on their browser.</doc>
<status status="PASS" starttime="20211209 15:55:03.356" endtime="20211209 15:55:03.824"/>
</kw>
<status status="PASS" starttime="20211209 15:54:58.076" endtime="20211209 15:55:03.825"/>
</kw>
<tag>p0</tag>
<status status="PASS" starttime="20211209 15:54:58.071" endtime="20211209 15:55:03.826"/>
</test>
<kw name="Close Browser" library="HomePageKeywords" type="TEARDOWN">
<kw name="Close All Browsers" library="SeleniumLibrary">
<doc>Closes all open browsers and resets the browser cache.</doc>
<status status="PASS" starttime="20211209 15:55:03.831" endtime="20211209 15:55:06.979"/>
</kw>
<status status="PASS" starttime="20211209 15:55:03.830" endtime="20211209 15:55:06.980"/>
</kw>
<doc>Check if Doctor's application for registration works</doc>
<status status="FAIL" starttime="20211209 15:54:17.997" endtime="20211209 15:55:06.980"/>
</suite>
<statistics>
<total>
<stat pass="4" fail="1" skip="0">All Tests</stat>
</total>
<tag>
<stat pass="4" fail="1" skip="0">p0</stat>
</tag>
<suite>
<stat pass="4" fail="1" skip="0" id="s1" name="TS BMDC 004">TS BMDC 004</stat>
</suite>
</statistics>
<errors>
<msg timestamp="20211209 15:54:30.670" level="WARN">Multiple test cases with name 'TC_BMDC_Doctor_Application_01' executed in test suite 'TS BMDC 004'.</msg>
<msg timestamp="20211209 15:54:45.476" level="WARN">Multiple test cases with name 'TC_BMDC_Doctor_Application_01' executed in test suite 'TS BMDC 004'.</msg>
<msg timestamp="20211209 15:54:52.165" level="WARN">Multiple test cases with name 'TC_BMDC_Doctor_Application_01' executed in test suite 'TS BMDC 004'.</msg>
<msg timestamp="20211209 15:54:58.070" level="WARN">Multiple test cases with name 'TC_BMDC_Doctor_Application_01' executed in test suite 'TS BMDC 004'.</msg>
</errors>
</robot>
